0 silly argv {
0 silly argv   _: [ 'run' ],
0 silly argv   scope: 'server',
0 silly argv   lernaVersion: '5.4.3',
0 silly argv   '$0': 'node_modules/.bin/lerna',
0 silly argv   script: 'dev'
0 silly argv }
1 notice cli v5.4.3
2 verbose rootPath /home/nozdrya/game/CodeBusters
3 notice filter including "server"
4 info filter [ 'server' ]
5 error Error: EACCES: permission denied, scandir '/home/nozdrya/game/CodeBusters/tmp/pgdata'
5 error     at Object.readdirSync (node:fs:1452:3)
5 error     at readdirWithFileTypes (/home/nozdrya/game/CodeBusters/node_modules/@nodelib/fs.scandir/out/providers/sync.js:16:33)
5 error     at Object.read (/home/nozdrya/game/CodeBusters/node_modules/@nodelib/fs.scandir/out/providers/sync.js:10:16)
5 error     at SyncReader.scandirSync [as _scandir] (/home/nozdrya/game/CodeBusters/node_modules/@nodelib/fs.scandir/out/index.js:18:17)
5 error     at SyncReader._handleDirectory (/home/nozdrya/game/CodeBusters/node_modules/@nodelib/fs.walk/out/readers/sync.js:28:34)
5 error     at SyncReader._handleQueue (/home/nozdrya/game/CodeBusters/node_modules/@nodelib/fs.walk/out/readers/sync.js:23:18)
5 error     at SyncReader.read (/home/nozdrya/game/CodeBusters/node_modules/@nodelib/fs.walk/out/readers/sync.js:15:14)
5 error     at SyncProvider.read (/home/nozdrya/game/CodeBusters/node_modules/@nodelib/fs.walk/out/providers/sync.js:11:29)
5 error     at ReaderSync.walkSync [as _walkSync] (/home/nozdrya/game/CodeBusters/node_modules/@nodelib/fs.walk/out/index.js:20:21)
